[debug] [2022-11-04T10:01:52.980Z] ----------------------------------------------------------------------
[debug] [2022-11-04T10:01:52.982Z] Command:       C:\Program Files\nodejs\node.exe C:\Users\KRUTHIKA\AppData\Roaming\npm\node_modules\firebase-tools\lib\bin\firebase.js deploy
[debug] [2022-11-04T10:01:52.982Z] CLI Version:   11.16.0
[debug] [2022-11-04T10:01:52.983Z] Platform:      win32
[debug] [2022-11-04T10:01:52.983Z] Node Version:  v16.16.0
[debug] [2022-11-04T10:01:52.984Z] Time:          Fri Nov 04 2022 15:31:52 GMT+0530 (India Standard Time)
[debug] [2022-11-04T10:01:52.984Z] ----------------------------------------------------------------------
[debug] 
[debug] [2022-11-04T10:01:53.128Z] > command requires scopes: ["email","openid","https://www.googleapis.com/auth/cloudplatformprojects.readonly","https://www.googleapis.com/auth/firebase","https://www.googleapis.com/auth/cloud-platform"]
[debug] [2022-11-04T10:01:53.128Z] > authorizing via signed-in user (sheetalbc29@gmail.com)
[debug] [2022-11-04T10:01:53.128Z] [iam] checking project new-project-57dc0 for permissions ["firebase.projects.get","firebasehosting.sites.update"]
[debug] [2022-11-04T10:01:53.131Z] >>> [apiv2][query] POST https://cloudresourcemanager.googleapis.com/v1/projects/new-project-57dc0:testIamPermissions [none]
[debug] [2022-11-04T10:01:53.132Z] >>> [apiv2][(partial)header] POST https://cloudresourcemanager.googleapis.com/v1/projects/new-project-57dc0:testIamPermissions x-goog-quota-user=projects/new-project-57dc0
[debug] [2022-11-04T10:01:53.132Z] >>> [apiv2][body] POST https://cloudresourcemanager.googleapis.com/v1/projects/new-project-57dc0:testIamPermissions {"permissions":["firebase.projects.get","firebasehosting.sites.update"]}
[debug] [2022-11-04T10:01:54.651Z] <<< [apiv2][status] POST https://cloudresourcemanager.googleapis.com/v1/projects/new-project-57dc0:testIamPermissions 200
[debug] [2022-11-04T10:01:54.652Z] <<< [apiv2][body] POST https://cloudresourcemanager.googleapis.com/v1/projects/new-project-57dc0:testIamPermissions {"permissions":["firebase.projects.get","firebasehosting.sites.update"]}
[debug] [2022-11-04T10:01:54.653Z] >>> [apiv2][query] GET https://firebase.googleapis.com/v1beta1/projects/new-project-57dc0 [none]
[debug] [2022-11-04T10:01:55.120Z] <<< [apiv2][status] GET https://firebase.googleapis.com/v1beta1/projects/new-project-57dc0 200
[debug] [2022-11-04T10:01:55.120Z] <<< [apiv2][body] GET https://firebase.googleapis.com/v1beta1/projects/new-project-57dc0 {"projectId":"new-project-57dc0","projectNumber":"532687750991","displayName":"new-project","name":"projects/new-project-57dc0","resources":{"hostingSite":"new-project-57dc0"},"state":"ACTIVE","etag":"1_58fd8c6d-7d34-4587-b741-0037a9a988cf"}
[info] 
[info] === Deploying to 'new-project-57dc0'...
[info] 
[info] i  deploying hosting 
[debug] [2022-11-04T10:01:55.126Z] >>> [apiv2][query] POST https://firebasehosting.googleapis.com/v1beta1/projects/-/sites/new-project-57dc0/versions [none]
[debug] [2022-11-04T10:01:55.127Z] >>> [apiv2][body] POST https://firebasehosting.googleapis.com/v1beta1/projects/-/sites/new-project-57dc0/versions {"status":"CREATED","labels":{"deployment-tool":"cli-firebase"}}
[debug] [2022-11-04T10:01:57.181Z] <<< [apiv2][status] POST https://firebasehosting.googleapis.com/v1beta1/projects/-/sites/new-project-57dc0/versions 200
[debug] [2022-11-04T10:01:57.181Z] <<< [apiv2][body] POST https://firebasehosting.googleapis.com/v1beta1/projects/-/sites/new-project-57dc0/versions {"name":"projects/532687750991/sites/new-project-57dc0/versions/66c9a4b0476dc7fc","status":"CREATED","config":{},"labels":{"deployment-tool":"cli-firebase"}}
[info] i  hosting[new-project-57dc0]: beginning deploy... 
[info] i  hosting[new-project-57dc0]: found 22 files in build 
[debug] [2022-11-04T10:01:57.227Z] [hosting] uploading with 200 concurrency
[debug] [2022-11-04T10:01:57.229Z] [hosting] hash cache [YnVpbGQ] not populated
[debug] [2022-11-04T10:01:58.216Z] [hosting] hash cache [YnVpbGQ] stored for 22 files
[debug] [2022-11-04T10:01:58.216Z] [hosting][hash queue][FINAL] {"max":923,"min":385,"avg":501.90909090909093,"active":0,"complete":22,"success":22,"errored":0,"retried":0,"total":22,"elapsed":965}
[debug] [2022-11-04T10:01:58.217Z] >>> [apiv2][query] POST https://firebasehosting.googleapis.com/v1beta1/projects/532687750991/sites/new-project-57dc0/versions/66c9a4b0476dc7fc:populateFiles [none]
[debug] [2022-11-04T10:01:58.217Z] >>> [apiv2][body] POST https://firebasehosting.googleapis.com/v1beta1/projects/532687750991/sites/new-project-57dc0/versions/66c9a4b0476dc7fc:populateFiles {"files":{"/index.html":"73098f1b8886906c9e2adc4f6546a0dfaf63256a1cb4c17951d45a91a01710df","/robots.txt":"bfe106a3fb878dc83461c86818bf74fc1bdc7f28538ba613cd3e775516ce8b49","/manifest.json":"aff3449bdc238776f5d6d967f19ec491b36aed5fb7f23ccff6500736fd58494a","/favicon.ico":"eae62e993eb980ec8a25058c39d5a51feab118bd2100c4deebb2a9c158ec11f9","/logo512.png":"ee7e2f3fdb8209c4b6fd7bef6ba50d1b9dba30a25bb5c3126df057e1cb6f5331","/asset-manifest.json":"3ed8070edf7a4dac4f5224c3d44950977447abfa928c3f720ffed595f2c5098a","/logo192.png":"3ee59515172ee198f3be375979df15ac5345183e656720a381b8872b2a39dc8b","/static/css/main.f824a9e9.css.map":"e09f7bc75f43aacca379924cd7c5fb5fe29e8bf8e48fefc051e32b59269bfe41","/static/css/main.f824a9e9.css":"dde270ec0abc4241c83012e9ea6866ae9d869277b9d668c2038b9be4e53bf428","/static/media/12.df549eeac063f703190a.png":"523dc44154890a3e127644b675e25e011f99c60974fe1a5b340a5d7ce9f1e16b","/static/js/main.c916cf11.js.LICENSE.txt":"a1e10079e8155bc5525d13d0464e64acbd892cb93e51621cce5f31f1c4cc8fe3","/static/media/3.64448a110a9eb6ff6fe8.png":"09009fa4c8446647b902b5900f0d813b5b714f56e6f3a5439dfdc7a466728bc6","/static/media/22.3521eac27dbae29ee1a3.png":"4ebae98aeae490875c9b540777d59660c044e65f00a965dc46d8ecaaaacee61c","/static/media/13.b8f6d27d47467875fb70.png":"86149e9ebf60fa3d2061d4fcc6dafa6b55a396257a7d22bd4dc997ea16caeb31","/static/media/4.4bfcd70b583d9df1896d.png":"9e4f1ba5b9b3ae827571b5437bb9db34d9c219c3406fb0e95d7594d0229fc5f1","/static/media/21.9e7d095c4f2f552f0487.png":"5f928b3c7242e69584efbf640890720ed6b1da08c64036c9f1a1655b3ade1195","/static/media/2.7ab36443851e8443cdf6.png":"d7fb0d257a5adadd6e1c879ac9a0371a350879d6d228f57d23f88c535f918b85","/static/js/main.c916cf11.js":"2b17be102c198f93bbb866381c416565ed1a8583166310496a2339217c852639","/static/media/6.d107fbafd94ec8843682.png":"46e1cd2bae08bb240c67a051a7c266f56b4244cc9faf72a95d2d294ee8a7b8f4","/static/media/7.4f8e5b9c33205b07242a.png":"61cc528e9d3f4d58f696283ba2b1b7d5ab2c3858af127b088000ed69b378a49e","/static/media/5.4f246c380bda20a7a387.png":"792313e0c97cfaa485b34ce8994e7d595a4880984b16824903e9a8c3db8713a7","/static/js/main.c916cf11.js.map":"66e071affefa47d6fe1be67c6e49e60196da262e6aa551969ec5ef742327e981"}}
[debug] [2022-11-04T10:01:59.554Z] <<< [apiv2][status] POST https://firebasehosting.googleapis.com/v1beta1/projects/532687750991/sites/new-project-57dc0/versions/66c9a4b0476dc7fc:populateFiles 200
[debug] [2022-11-04T10:01:59.554Z] <<< [apiv2][body] POST https://firebasehosting.googleapis.com/v1beta1/projects/532687750991/sites/new-project-57dc0/versions/66c9a4b0476dc7fc:populateFiles {"uploadRequiredHashes":["09009fa4c8446647b902b5900f0d813b5b714f56e6f3a5439dfdc7a466728bc6","e09f7bc75f43aacca379924cd7c5fb5fe29e8bf8e48fefc051e32b59269bfe41","66e071affefa47d6fe1be67c6e49e60196da262e6aa551969ec5ef742327e981","eae62e993eb980ec8a25058c39d5a51feab118bd2100c4deebb2a9c158ec11f9","9e4f1ba5b9b3ae827571b5437bb9db34d9c219c3406fb0e95d7594d0229fc5f1","a1e10079e8155bc5525d13d0464e64acbd892cb93e51621cce5f31f1c4cc8fe3","d7fb0d257a5adadd6e1c879ac9a0371a350879d6d228f57d23f88c535f918b85","792313e0c97cfaa485b34ce8994e7d595a4880984b16824903e9a8c3db8713a7","bfe106a3fb878dc83461c86818bf74fc1bdc7f28538ba613cd3e775516ce8b49","73098f1b8886906c9e2adc4f6546a0dfaf63256a1cb4c17951d45a91a01710df","5f928b3c7242e69584efbf640890720ed6b1da08c64036c9f1a1655b3ade1195","ee7e2f3fdb8209c4b6fd7bef6ba50d1b9dba30a25bb5c3126df057e1cb6f5331","86149e9ebf60fa3d2061d4fcc6dafa6b55a396257a7d22bd4dc997ea16caeb31","523dc44154890a3e127644b675e25e011f99c60974fe1a5b340a5d7ce9f1e16b","61cc528e9d3f4d58f696283ba2b1b7d5ab2c3858af127b088000ed69b378a49e","aff3449bdc238776f5d6d967f19ec491b36aed5fb7f23ccff6500736fd58494a","dde270ec0abc4241c83012e9ea6866ae9d869277b9d668c2038b9be4e53bf428","4ebae98aeae490875c9b540777d59660c044e65f00a965dc46d8ecaaaacee61c","2b17be102c198f93bbb866381c416565ed1a8583166310496a2339217c852639","3ed8070edf7a4dac4f5224c3d44950977447abfa928c3f720ffed595f2c5098a","46e1cd2bae08bb240c67a051a7c266f56b4244cc9faf72a95d2d294ee8a7b8f4","3ee59515172ee198f3be375979df15ac5345183e656720a381b8872b2a39dc8b"],"uploadUrl":"https://upload-firebasehosting.googleapis.com/upload/sites/new-project-57dc0/versions/66c9a4b0476dc7fc/files"}
[debug] [2022-11-04T10:01:59.559Z] >>> [apiv2][query] POST https://upload-firebasehosting.googleapis.com/upload/sites/new-project-57dc0/versions/66c9a4b0476dc7fc/files/09009fa4c8446647b902b5900f0d813b5b714f56e6f3a5439dfdc7a466728bc6 [none]
[debug] [2022-11-04T10:01:59.559Z] >>> [apiv2][body] POST https://upload-firebasehosting.googleapis.com/upload/sites/new-project-57dc0/versions/66c9a4b0476dc7fc/files/09009fa4c8446647b902b5900f0d813b5b714f56e6f3a5439dfdc7a466728bc6 [stream]
[debug] [2022-11-04T10:01:59.560Z] >>> [apiv2][query] POST https://upload-firebasehosting.googleapis.com/upload/sites/new-project-57dc0/versions/66c9a4b0476dc7fc/files/e09f7bc75f43aacca379924cd7c5fb5fe29e8bf8e48fefc051e32b59269bfe41 [none]
[debug] [2022-11-04T10:01:59.560Z] >>> [apiv2][body] POST https://upload-firebasehosting.googleapis.com/upload/sites/new-project-57dc0/versions/66c9a4b0476dc7fc/files/e09f7bc75f43aacca379924cd7c5fb5fe29e8bf8e48fefc051e32b59269bfe41 [stream]
[debug] [2022-11-04T10:01:59.562Z] >>> [apiv2][query] POST https://upload-firebasehosting.googleapis.com/upload/sites/new-project-57dc0/versions/66c9a4b0476dc7fc/files/66e071affefa47d6fe1be67c6e49e60196da262e6aa551969ec5ef742327e981 [none]
[debug] [2022-11-04T10:01:59.562Z] >>> [apiv2][body] POST https://upload-firebasehosting.googleapis.com/upload/sites/new-project-57dc0/versions/66c9a4b0476dc7fc/files/66e071affefa47d6fe1be67c6e49e60196da262e6aa551969ec5ef742327e981 [stream]
[debug] [2022-11-04T10:01:59.563Z] >>> [apiv2][query] POST https://upload-firebasehosting.googleapis.com/upload/sites/new-project-57dc0/versions/66c9a4b0476dc7fc/files/eae62e993eb980ec8a25058c39d5a51feab118bd2100c4deebb2a9c158ec11f9 [none]
[debug] [2022-11-04T10:01:59.563Z] >>> [apiv2][body] POST https://upload-firebasehosting.googleapis.com/upload/sites/new-project-57dc0/versions/66c9a4b0476dc7fc/files/eae62e993eb980ec8a25058c39d5a51feab118bd2100c4deebb2a9c158ec11f9 [stream]
[debug] [2022-11-04T10:01:59.564Z] >>> [apiv2][query] POST https://upload-firebasehosting.googleapis.com/upload/sites/new-project-57dc0/versions/66c9a4b0476dc7fc/files/9e4f1ba5b9b3ae827571b5437bb9db34d9c219c3406fb0e95d7594d0229fc5f1 [none]
[debug] [2022-11-04T10:01:59.564Z] >>> [apiv2][body] POST https://upload-firebasehosting.googleapis.com/upload/sites/new-project-57dc0/versions/66c9a4b0476dc7fc/files/9e4f1ba5b9b3ae827571b5437bb9db34d9c219c3406fb0e95d7594d0229fc5f1 [stream]
[debug] [2022-11-04T10:01:59.566Z] >>> [apiv2][query] POST https://upload-firebasehosting.googleapis.com/upload/sites/new-project-57dc0/versions/66c9a4b0476dc7fc/files/a1e10079e8155bc5525d13d0464e64acbd892cb93e51621cce5f31f1c4cc8fe3 [none]
[debug] [2022-11-04T10:01:59.566Z] >>> [apiv2][body] POST https://upload-firebasehosting.googleapis.com/upload/sites/new-project-57dc0/versions/66c9a4b0476dc7fc/files/a1e10079e8155bc5525d13d0464e64acbd892cb93e51621cce5f31f1c4cc8fe3 [stream]
[debug] [2022-11-04T10:01:59.567Z] >>> [apiv2][query] POST https://upload-firebasehosting.googleapis.com/upload/sites/new-project-57dc0/versions/66c9a4b0476dc7fc/files/d7fb0d257a5adadd6e1c879ac9a0371a350879d6d228f57d23f88c535f918b85 [none]
[debug] [2022-11-04T10:01:59.568Z] >>> [apiv2][body] POST https://upload-firebasehosting.googleapis.com/upload/sites/new-project-57dc0/versions/66c9a4b0476dc7fc/files/d7fb0d257a5adadd6e1c879ac9a0371a350879d6d228f57d23f88c535f918b85 [stream]
[debug] [2022-11-04T10:01:59.569Z] >>> [apiv2][query] POST https://upload-firebasehosting.googleapis.com/upload/sites/new-project-57dc0/versions/66c9a4b0476dc7fc/files/792313e0c97cfaa485b34ce8994e7d595a4880984b16824903e9a8c3db8713a7 [none]
[debug] [2022-11-04T10:01:59.569Z] >>> [apiv2][body] POST https://upload-firebasehosting.googleapis.com/upload/sites/new-project-57dc0/versions/66c9a4b0476dc7fc/files/792313e0c97cfaa485b34ce8994e7d595a4880984b16824903e9a8c3db8713a7 [stream]
[debug] [2022-11-04T10:01:59.570Z] >>> [apiv2][query] POST https://upload-firebasehosting.googleapis.com/upload/sites/new-project-57dc0/versions/66c9a4b0476dc7fc/files/bfe106a3fb878dc83461c86818bf74fc1bdc7f28538ba613cd3e775516ce8b49 [none]
[debug] [2022-11-04T10:01:59.570Z] >>> [apiv2][body] POST https://upload-firebasehosting.googleapis.com/upload/sites/new-project-57dc0/versions/66c9a4b0476dc7fc/files/bfe106a3fb878dc83461c86818bf74fc1bdc7f28538ba613cd3e775516ce8b49 [stream]
[debug] [2022-11-04T10:01:59.571Z] >>> [apiv2][query] POST https://upload-firebasehosting.googleapis.com/upload/sites/new-project-57dc0/versions/66c9a4b0476dc7fc/files/73098f1b8886906c9e2adc4f6546a0dfaf63256a1cb4c17951d45a91a01710df [none]
[debug] [2022-11-04T10:01:59.571Z] >>> [apiv2][body] POST https://upload-firebasehosting.googleapis.com/upload/sites/new-project-57dc0/versions/66c9a4b0476dc7fc/files/73098f1b8886906c9e2adc4f6546a0dfaf63256a1cb4c17951d45a91a01710df [stream]
[debug] [2022-11-04T10:01:59.572Z] >>> [apiv2][query] POST https://upload-firebasehosting.googleapis.com/upload/sites/new-project-57dc0/versions/66c9a4b0476dc7fc/files/5f928b3c7242e69584efbf640890720ed6b1da08c64036c9f1a1655b3ade1195 [none]
[debug] [2022-11-04T10:01:59.572Z] >>> [apiv2][body] POST https://upload-firebasehosting.googleapis.com/upload/sites/new-project-57dc0/versions/66c9a4b0476dc7fc/files/5f928b3c7242e69584efbf640890720ed6b1da08c64036c9f1a1655b3ade1195 [stream]
[debug] [2022-11-04T10:01:59.573Z] >>> [apiv2][query] POST https://upload-firebasehosting.googleapis.com/upload/sites/new-project-57dc0/versions/66c9a4b0476dc7fc/files/ee7e2f3fdb8209c4b6fd7bef6ba50d1b9dba30a25bb5c3126df057e1cb6f5331 [none]
[debug] [2022-11-04T10:01:59.573Z] >>> [apiv2][body] POST https://upload-firebasehosting.googleapis.com/upload/sites/new-project-57dc0/versions/66c9a4b0476dc7fc/files/ee7e2f3fdb8209c4b6fd7bef6ba50d1b9dba30a25bb5c3126df057e1cb6f5331 [stream]
[debug] [2022-11-04T10:01:59.574Z] >>> [apiv2][query] POST https://upload-firebasehosting.googleapis.com/upload/sites/new-project-57dc0/versions/66c9a4b0476dc7fc/files/86149e9ebf60fa3d2061d4fcc6dafa6b55a396257a7d22bd4dc997ea16caeb31 [none]
[debug] [2022-11-04T10:01:59.574Z] >>> [apiv2][body] POST https://upload-firebasehosting.googleapis.com/upload/sites/new-project-57dc0/versions/66c9a4b0476dc7fc/files/86149e9ebf60fa3d2061d4fcc6dafa6b55a396257a7d22bd4dc997ea16caeb31 [stream]
[debug] [2022-11-04T10:01:59.575Z] >>> [apiv2][query] POST https://upload-firebasehosting.googleapis.com/upload/sites/new-project-57dc0/versions/66c9a4b0476dc7fc/files/523dc44154890a3e127644b675e25e011f99c60974fe1a5b340a5d7ce9f1e16b [none]
[debug] [2022-11-04T10:01:59.575Z] >>> [apiv2][body] POST https://upload-firebasehosting.googleapis.com/upload/sites/new-project-57dc0/versions/66c9a4b0476dc7fc/files/523dc44154890a3e127644b675e25e011f99c60974fe1a5b340a5d7ce9f1e16b [stream]
[debug] [2022-11-04T10:01:59.578Z] >>> [apiv2][query] POST https://upload-firebasehosting.googleapis.com/upload/sites/new-project-57dc0/versions/66c9a4b0476dc7fc/files/61cc528e9d3f4d58f696283ba2b1b7d5ab2c3858af127b088000ed69b378a49e [none]
[debug] [2022-11-04T10:01:59.578Z] >>> [apiv2][body] POST https://upload-firebasehosting.googleapis.com/upload/sites/new-project-57dc0/versions/66c9a4b0476dc7fc/files/61cc528e9d3f4d58f696283ba2b1b7d5ab2c3858af127b088000ed69b378a49e [stream]
[debug] [2022-11-04T10:01:59.579Z] >>> [apiv2][query] POST https://upload-firebasehosting.googleapis.com/upload/sites/new-project-57dc0/versions/66c9a4b0476dc7fc/files/aff3449bdc238776f5d6d967f19ec491b36aed5fb7f23ccff6500736fd58494a [none]
[debug] [2022-11-04T10:01:59.579Z] >>> [apiv2][body] POST https://upload-firebasehosting.googleapis.com/upload/sites/new-project-57dc0/versions/66c9a4b0476dc7fc/files/aff3449bdc238776f5d6d967f19ec491b36aed5fb7f23ccff6500736fd58494a [stream]
[debug] [2022-11-04T10:01:59.580Z] >>> [apiv2][query] POST https://upload-firebasehosting.googleapis.com/upload/sites/new-project-57dc0/versions/66c9a4b0476dc7fc/files/dde270ec0abc4241c83012e9ea6866ae9d869277b9d668c2038b9be4e53bf428 [none]
[debug] [2022-11-04T10:01:59.580Z] >>> [apiv2][body] POST https://upload-firebasehosting.googleapis.com/upload/sites/new-project-57dc0/versions/66c9a4b0476dc7fc/files/dde270ec0abc4241c83012e9ea6866ae9d869277b9d668c2038b9be4e53bf428 [stream]
[debug] [2022-11-04T10:01:59.580Z] >>> [apiv2][query] POST https://upload-firebasehosting.googleapis.com/upload/sites/new-project-57dc0/versions/66c9a4b0476dc7fc/files/4ebae98aeae490875c9b540777d59660c044e65f00a965dc46d8ecaaaacee61c [none]
[debug] [2022-11-04T10:01:59.580Z] >>> [apiv2][body] POST https://upload-firebasehosting.googleapis.com/upload/sites/new-project-57dc0/versions/66c9a4b0476dc7fc/files/4ebae98aeae490875c9b540777d59660c044e65f00a965dc46d8ecaaaacee61c [stream]
[debug] [2022-11-04T10:01:59.581Z] >>> [apiv2][query] POST https://upload-firebasehosting.googleapis.com/upload/sites/new-project-57dc0/versions/66c9a4b0476dc7fc/files/2b17be102c198f93bbb866381c416565ed1a8583166310496a2339217c852639 [none]
[debug] [2022-11-04T10:01:59.581Z] >>> [apiv2][body] POST https://upload-firebasehosting.googleapis.com/upload/sites/new-project-57dc0/versions/66c9a4b0476dc7fc/files/2b17be102c198f93bbb866381c416565ed1a8583166310496a2339217c852639 [stream]
[debug] [2022-11-04T10:01:59.582Z] >>> [apiv2][query] POST https://upload-firebasehosting.googleapis.com/upload/sites/new-project-57dc0/versions/66c9a4b0476dc7fc/files/3ed8070edf7a4dac4f5224c3d44950977447abfa928c3f720ffed595f2c5098a [none]
[debug] [2022-11-04T10:01:59.582Z] >>> [apiv2][body] POST https://upload-firebasehosting.googleapis.com/upload/sites/new-project-57dc0/versions/66c9a4b0476dc7fc/files/3ed8070edf7a4dac4f5224c3d44950977447abfa928c3f720ffed595f2c5098a [stream]
[debug] [2022-11-04T10:01:59.582Z] >>> [apiv2][query] POST https://upload-firebasehosting.googleapis.com/upload/sites/new-project-57dc0/versions/66c9a4b0476dc7fc/files/46e1cd2bae08bb240c67a051a7c266f56b4244cc9faf72a95d2d294ee8a7b8f4 [none]
[debug] [2022-11-04T10:01:59.583Z] >>> [apiv2][body] POST https://upload-firebasehosting.googleapis.com/upload/sites/new-project-57dc0/versions/66c9a4b0476dc7fc/files/46e1cd2bae08bb240c67a051a7c266f56b4244cc9faf72a95d2d294ee8a7b8f4 [stream]
[debug] [2022-11-04T10:01:59.583Z] >>> [apiv2][query] POST https://upload-firebasehosting.googleapis.com/upload/sites/new-project-57dc0/versions/66c9a4b0476dc7fc/files/3ee59515172ee198f3be375979df15ac5345183e656720a381b8872b2a39dc8b [none]
[debug] [2022-11-04T10:01:59.583Z] >>> [apiv2][body] POST https://upload-firebasehosting.googleapis.com/upload/sites/new-project-57dc0/versions/66c9a4b0476dc7fc/files/3ee59515172ee198f3be375979df15ac5345183e656720a381b8872b2a39dc8b [stream]
[debug] [2022-11-04T10:01:59.584Z] [hosting][populate queue][FINAL] {"max":1362,"min":1362,"avg":1362,"active":0,"complete":1,"success":1,"errored":0,"retried":0,"total":1,"elapsed":1388}
[debug] [2022-11-04T10:01:59.584Z] [hosting] uploads queued: 22
[debug] [2022-11-04T10:02:01.007Z] <<< [apiv2][status] POST https://upload-firebasehosting.googleapis.com/upload/sites/new-project-57dc0/versions/66c9a4b0476dc7fc/files/eae62e993eb980ec8a25058c39d5a51feab118bd2100c4deebb2a9c158ec11f9 200
[debug] [2022-11-04T10:02:01.008Z] <<< [apiv2][body] POST https://upload-firebasehosting.googleapis.com/upload/sites/new-project-57dc0/versions/66c9a4b0476dc7fc/files/eae62e993eb980ec8a25058c39d5a51feab118bd2100c4deebb2a9c158ec11f9 [stream]
[debug] [2022-11-04T10:02:01.193Z] <<< [apiv2][status] POST https://upload-firebasehosting.googleapis.com/upload/sites/new-project-57dc0/versions/66c9a4b0476dc7fc/files/ee7e2f3fdb8209c4b6fd7bef6ba50d1b9dba30a25bb5c3126df057e1cb6f5331 200
[debug] [2022-11-04T10:02:01.193Z] <<< [apiv2][body] POST https://upload-firebasehosting.googleapis.com/upload/sites/new-project-57dc0/versions/66c9a4b0476dc7fc/files/ee7e2f3fdb8209c4b6fd7bef6ba50d1b9dba30a25bb5c3126df057e1cb6f5331 [stream]
[debug] [2022-11-04T10:02:01.244Z] <<< [apiv2][status] POST https://upload-firebasehosting.googleapis.com/upload/sites/new-project-57dc0/versions/66c9a4b0476dc7fc/files/a1e10079e8155bc5525d13d0464e64acbd892cb93e51621cce5f31f1c4cc8fe3 200
[debug] [2022-11-04T10:02:01.244Z] <<< [apiv2][body] POST https://upload-firebasehosting.googleapis.com/upload/sites/new-project-57dc0/versions/66c9a4b0476dc7fc/files/a1e10079e8155bc5525d13d0464e64acbd892cb93e51621cce5f31f1c4cc8fe3 [stream]
[debug] [2022-11-04T10:02:01.790Z] <<< [apiv2][status] POST https://upload-firebasehosting.googleapis.com/upload/sites/new-project-57dc0/versions/66c9a4b0476dc7fc/files/3ee59515172ee198f3be375979df15ac5345183e656720a381b8872b2a39dc8b 200
[debug] [2022-11-04T10:02:01.790Z] <<< [apiv2][body] POST https://upload-firebasehosting.googleapis.com/upload/sites/new-project-57dc0/versions/66c9a4b0476dc7fc/files/3ee59515172ee198f3be375979df15ac5345183e656720a381b8872b2a39dc8b [stream]
[debug] [2022-11-04T10:02:01.871Z] <<< [apiv2][status] POST https://upload-firebasehosting.googleapis.com/upload/sites/new-project-57dc0/versions/66c9a4b0476dc7fc/files/e09f7bc75f43aacca379924cd7c5fb5fe29e8bf8e48fefc051e32b59269bfe41 200
[debug] [2022-11-04T10:02:01.871Z] <<< [apiv2][body] POST https://upload-firebasehosting.googleapis.com/upload/sites/new-project-57dc0/versions/66c9a4b0476dc7fc/files/e09f7bc75f43aacca379924cd7c5fb5fe29e8bf8e48fefc051e32b59269bfe41 [stream]
[debug] [2022-11-04T10:02:01.872Z] <<< [apiv2][status] POST https://upload-firebasehosting.googleapis.com/upload/sites/new-project-57dc0/versions/66c9a4b0476dc7fc/files/4ebae98aeae490875c9b540777d59660c044e65f00a965dc46d8ecaaaacee61c 200
[debug] [2022-11-04T10:02:01.873Z] <<< [apiv2][body] POST https://upload-firebasehosting.googleapis.com/upload/sites/new-project-57dc0/versions/66c9a4b0476dc7fc/files/4ebae98aeae490875c9b540777d59660c044e65f00a965dc46d8ecaaaacee61c [stream]
[debug] [2022-11-04T10:02:01.968Z] <<< [apiv2][status] POST https://upload-firebasehosting.googleapis.com/upload/sites/new-project-57dc0/versions/66c9a4b0476dc7fc/files/dde270ec0abc4241c83012e9ea6866ae9d869277b9d668c2038b9be4e53bf428 200
[debug] [2022-11-04T10:02:01.968Z] <<< [apiv2][body] POST https://upload-firebasehosting.googleapis.com/upload/sites/new-project-57dc0/versions/66c9a4b0476dc7fc/files/dde270ec0abc4241c83012e9ea6866ae9d869277b9d668c2038b9be4e53bf428 [stream]
[debug] [2022-11-04T10:02:02.175Z] <<< [apiv2][status] POST https://upload-firebasehosting.googleapis.com/upload/sites/new-project-57dc0/versions/66c9a4b0476dc7fc/files/73098f1b8886906c9e2adc4f6546a0dfaf63256a1cb4c17951d45a91a01710df 200
[debug] [2022-11-04T10:02:02.175Z] <<< [apiv2][body] POST https://upload-firebasehosting.googleapis.com/upload/sites/new-project-57dc0/versions/66c9a4b0476dc7fc/files/73098f1b8886906c9e2adc4f6546a0dfaf63256a1cb4c17951d45a91a01710df [stream]
[debug] [2022-11-04T10:02:02.176Z] <<< [apiv2][status] POST https://upload-firebasehosting.googleapis.com/upload/sites/new-project-57dc0/versions/66c9a4b0476dc7fc/files/09009fa4c8446647b902b5900f0d813b5b714f56e6f3a5439dfdc7a466728bc6 200
[debug] [2022-11-04T10:02:02.176Z] <<< [apiv2][body] POST https://upload-firebasehosting.googleapis.com/upload/sites/new-project-57dc0/versions/66c9a4b0476dc7fc/files/09009fa4c8446647b902b5900f0d813b5b714f56e6f3a5439dfdc7a466728bc6 [stream]
[debug] [2022-11-04T10:02:02.569Z] <<< [apiv2][status] POST https://upload-firebasehosting.googleapis.com/upload/sites/new-project-57dc0/versions/66c9a4b0476dc7fc/files/3ed8070edf7a4dac4f5224c3d44950977447abfa928c3f720ffed595f2c5098a 200
[debug] [2022-11-04T10:02:02.569Z] <<< [apiv2][body] POST https://upload-firebasehosting.googleapis.com/upload/sites/new-project-57dc0/versions/66c9a4b0476dc7fc/files/3ed8070edf7a4dac4f5224c3d44950977447abfa928c3f720ffed595f2c5098a [stream]
[debug] [2022-11-04T10:02:02.715Z] <<< [apiv2][status] POST https://upload-firebasehosting.googleapis.com/upload/sites/new-project-57dc0/versions/66c9a4b0476dc7fc/files/d7fb0d257a5adadd6e1c879ac9a0371a350879d6d228f57d23f88c535f918b85 200
[debug] [2022-11-04T10:02:02.715Z] <<< [apiv2][body] POST https://upload-firebasehosting.googleapis.com/upload/sites/new-project-57dc0/versions/66c9a4b0476dc7fc/files/d7fb0d257a5adadd6e1c879ac9a0371a350879d6d228f57d23f88c535f918b85 [stream]
[debug] [2022-11-04T10:02:02.843Z] <<< [apiv2][status] POST https://upload-firebasehosting.googleapis.com/upload/sites/new-project-57dc0/versions/66c9a4b0476dc7fc/files/bfe106a3fb878dc83461c86818bf74fc1bdc7f28538ba613cd3e775516ce8b49 200
[debug] [2022-11-04T10:02:02.844Z] <<< [apiv2][body] POST https://upload-firebasehosting.googleapis.com/upload/sites/new-project-57dc0/versions/66c9a4b0476dc7fc/files/bfe106a3fb878dc83461c86818bf74fc1bdc7f28538ba613cd3e775516ce8b49 [stream]
[debug] [2022-11-04T10:02:02.893Z] <<< [apiv2][status] POST https://upload-firebasehosting.googleapis.com/upload/sites/new-project-57dc0/versions/66c9a4b0476dc7fc/files/aff3449bdc238776f5d6d967f19ec491b36aed5fb7f23ccff6500736fd58494a 200
[debug] [2022-11-04T10:02:02.893Z] <<< [apiv2][body] POST https://upload-firebasehosting.googleapis.com/upload/sites/new-project-57dc0/versions/66c9a4b0476dc7fc/files/aff3449bdc238776f5d6d967f19ec491b36aed5fb7f23ccff6500736fd58494a [stream]
[debug] [2022-11-04T10:02:03.030Z] <<< [apiv2][status] POST https://upload-firebasehosting.googleapis.com/upload/sites/new-project-57dc0/versions/66c9a4b0476dc7fc/files/523dc44154890a3e127644b675e25e011f99c60974fe1a5b340a5d7ce9f1e16b 200
[debug] [2022-11-04T10:02:03.030Z] <<< [apiv2][body] POST https://upload-firebasehosting.googleapis.com/upload/sites/new-project-57dc0/versions/66c9a4b0476dc7fc/files/523dc44154890a3e127644b675e25e011f99c60974fe1a5b340a5d7ce9f1e16b [stream]
[debug] [2022-11-04T10:02:03.072Z] <<< [apiv2][status] POST https://upload-firebasehosting.googleapis.com/upload/sites/new-project-57dc0/versions/66c9a4b0476dc7fc/files/9e4f1ba5b9b3ae827571b5437bb9db34d9c219c3406fb0e95d7594d0229fc5f1 200
[debug] [2022-11-04T10:02:03.072Z] <<< [apiv2][body] POST https://upload-firebasehosting.googleapis.com/upload/sites/new-project-57dc0/versions/66c9a4b0476dc7fc/files/9e4f1ba5b9b3ae827571b5437bb9db34d9c219c3406fb0e95d7594d0229fc5f1 [stream]
[debug] [2022-11-04T10:02:03.097Z] <<< [apiv2][status] POST https://upload-firebasehosting.googleapis.com/upload/sites/new-project-57dc0/versions/66c9a4b0476dc7fc/files/86149e9ebf60fa3d2061d4fcc6dafa6b55a396257a7d22bd4dc997ea16caeb31 200
[debug] [2022-11-04T10:02:03.097Z] <<< [apiv2][body] POST https://upload-firebasehosting.googleapis.com/upload/sites/new-project-57dc0/versions/66c9a4b0476dc7fc/files/86149e9ebf60fa3d2061d4fcc6dafa6b55a396257a7d22bd4dc997ea16caeb31 [stream]
[debug] [2022-11-04T10:02:03.336Z] <<< [apiv2][status] POST https://upload-firebasehosting.googleapis.com/upload/sites/new-project-57dc0/versions/66c9a4b0476dc7fc/files/2b17be102c198f93bbb866381c416565ed1a8583166310496a2339217c852639 200
[debug] [2022-11-04T10:02:03.336Z] <<< [apiv2][body] POST https://upload-firebasehosting.googleapis.com/upload/sites/new-project-57dc0/versions/66c9a4b0476dc7fc/files/2b17be102c198f93bbb866381c416565ed1a8583166310496a2339217c852639 [stream]
[debug] [2022-11-04T10:02:04.384Z] <<< [apiv2][status] POST https://upload-firebasehosting.googleapis.com/upload/sites/new-project-57dc0/versions/66c9a4b0476dc7fc/files/46e1cd2bae08bb240c67a051a7c266f56b4244cc9faf72a95d2d294ee8a7b8f4 200
[debug] [2022-11-04T10:02:04.384Z] <<< [apiv2][body] POST https://upload-firebasehosting.googleapis.com/upload/sites/new-project-57dc0/versions/66c9a4b0476dc7fc/files/46e1cd2bae08bb240c67a051a7c266f56b4244cc9faf72a95d2d294ee8a7b8f4 [stream]
[debug] [2022-11-04T10:02:04.405Z] <<< [apiv2][status] POST https://upload-firebasehosting.googleapis.com/upload/sites/new-project-57dc0/versions/66c9a4b0476dc7fc/files/5f928b3c7242e69584efbf640890720ed6b1da08c64036c9f1a1655b3ade1195 200
[debug] [2022-11-04T10:02:04.405Z] <<< [apiv2][body] POST https://upload-firebasehosting.googleapis.com/upload/sites/new-project-57dc0/versions/66c9a4b0476dc7fc/files/5f928b3c7242e69584efbf640890720ed6b1da08c64036c9f1a1655b3ade1195 [stream]
[debug] [2022-11-04T10:02:04.429Z] <<< [apiv2][status] POST https://upload-firebasehosting.googleapis.com/upload/sites/new-project-57dc0/versions/66c9a4b0476dc7fc/files/792313e0c97cfaa485b34ce8994e7d595a4880984b16824903e9a8c3db8713a7 200
[debug] [2022-11-04T10:02:04.429Z] <<< [apiv2][body] POST https://upload-firebasehosting.googleapis.com/upload/sites/new-project-57dc0/versions/66c9a4b0476dc7fc/files/792313e0c97cfaa485b34ce8994e7d595a4880984b16824903e9a8c3db8713a7 [stream]
[debug] [2022-11-04T10:02:04.516Z] <<< [apiv2][status] POST https://upload-firebasehosting.googleapis.com/upload/sites/new-project-57dc0/versions/66c9a4b0476dc7fc/files/61cc528e9d3f4d58f696283ba2b1b7d5ab2c3858af127b088000ed69b378a49e 200
[debug] [2022-11-04T10:02:04.516Z] <<< [apiv2][body] POST https://upload-firebasehosting.googleapis.com/upload/sites/new-project-57dc0/versions/66c9a4b0476dc7fc/files/61cc528e9d3f4d58f696283ba2b1b7d5ab2c3858af127b088000ed69b378a49e [stream]
[debug] [2022-11-04T10:02:06.003Z] <<< [apiv2][status] POST https://upload-firebasehosting.googleapis.com/upload/sites/new-project-57dc0/versions/66c9a4b0476dc7fc/files/66e071affefa47d6fe1be67c6e49e60196da262e6aa551969ec5ef742327e981 200
[debug] [2022-11-04T10:02:06.003Z] <<< [apiv2][body] POST https://upload-firebasehosting.googleapis.com/upload/sites/new-project-57dc0/versions/66c9a4b0476dc7fc/files/66e071affefa47d6fe1be67c6e49e60196da262e6aa551969ec5ef742327e981 [stream]
[debug] [2022-11-04T10:02:06.003Z] [hosting][upload queue][FINAL] {"max":6448,"min":1453,"avg":3288.909090909091,"active":0,"complete":22,"success":22,"errored":0,"retried":0,"total":22,"elapsed":6449}
[info] +  hosting[new-project-57dc0]: file upload complete 
[debug] [2022-11-04T10:02:06.006Z] [hosting] deploy completed after 8822ms
[debug] [2022-11-04T10:02:06.009Z] [
  {
    "config": {
      "public": "build",
      "ignore": [
        "firebase.json",
        "**/.*",
        "**/node_modules/**"
      ],
      "rewrites": [
        {
          "source": "**",
          "destination": "/index.html"
        }
      ],
      "site": "new-project-57dc0"
    },
    "version": "projects/532687750991/sites/new-project-57dc0/versions/66c9a4b0476dc7fc"
  }
]
[info] i  hosting[new-project-57dc0]: finalizing version... 
[debug] [2022-11-04T10:02:06.015Z] >>> [apiv2][query] PATCH https://firebasehosting.googleapis.com/v1beta1/projects/-/sites/new-project-57dc0/versions/66c9a4b0476dc7fc updateMask=status%2Cconfig
[debug] [2022-11-04T10:02:06.016Z] >>> [apiv2][body] PATCH https://firebasehosting.googleapis.com/v1beta1/projects/-/sites/new-project-57dc0/versions/66c9a4b0476dc7fc {"status":"FINALIZED","config":{"rewrites":[{"glob":"**","path":"/index.html"}]}}
[debug] [2022-11-04T10:02:07.315Z] <<< [apiv2][status] PATCH https://firebasehosting.googleapis.com/v1beta1/projects/-/sites/new-project-57dc0/versions/66c9a4b0476dc7fc 200
[debug] [2022-11-04T10:02:07.316Z] <<< [apiv2][body] PATCH https://firebasehosting.googleapis.com/v1beta1/projects/-/sites/new-project-57dc0/versions/66c9a4b0476dc7fc {"name":"projects/532687750991/sites/new-project-57dc0/versions/66c9a4b0476dc7fc","status":"FINALIZED","config":{"rewrites":[{"glob":"**","path":"/index.html"}]},"labels":{"deployment-tool":"cli-firebase"},"createTime":"2022-11-04T10:01:56.178099Z","createUser":{"email":"sheetalbc29@gmail.com"},"finalizeTime":"2022-11-04T10:02:07.131201Z","finalizeUser":{"email":"sheetalbc29@gmail.com"}}
[debug] [2022-11-04T10:02:07.316Z] [hosting] finalized version for new-project-57dc0:[object Object]
[info] +  hosting[new-project-57dc0]: version finalized 
[info] i  hosting[new-project-57dc0]: releasing new version... 
[debug] [2022-11-04T10:02:07.320Z] >>> [apiv2][query] POST https://firebasehosting.googleapis.com/v1beta1/projects/-/sites/new-project-57dc0/channels/live/releases versionName=projects%2F532687750991%2Fsites%2Fnew-project-57dc0%2Fversions%2F66c9a4b0476dc7fc
[debug] [2022-11-04T10:02:07.320Z] >>> [apiv2][body] POST https://firebasehosting.googleapis.com/v1beta1/projects/-/sites/new-project-57dc0/channels/live/releases {}
[debug] [2022-11-04T10:02:08.567Z] <<< [apiv2][status] POST https://firebasehosting.googleapis.com/v1beta1/projects/-/sites/new-project-57dc0/channels/live/releases 200
[debug] [2022-11-04T10:02:08.568Z] <<< [apiv2][body] POST https://firebasehosting.googleapis.com/v1beta1/projects/-/sites/new-project-57dc0/channels/live/releases {"name":"projects/532687750991/sites/new-project-57dc0/channels/live/releases/1667556127660270","version":{"name":"projects/532687750991/sites/new-project-57dc0/versions/66c9a4b0476dc7fc","status":"FINALIZED","config":{"rewrites":[{"glob":"**","path":"/index.html"}]},"labels":{"deployment-tool":"cli-firebase"},"createTime":"2022-11-04T10:01:56.178099Z","createUser":{"email":"sheetalbc29@gmail.com","imageUrl":"https://lh3.googleusercontent.com/a/ALm5wu1nW-yMvr-dAHbj89nFJWZf1riCyHJGlyc5PRok=mo"},"finalizeTime":"2022-11-04T10:02:07.131201Z","finalizeUser":{"email":"sheetalbc29@gmail.com","imageUrl":"https://lh3.googleusercontent.com/a/ALm5wu1nW-yMvr-dAHbj89nFJWZf1riCyHJGlyc5PRok=mo"}},"type":"DEPLOY","releaseTime":"2022-11-04T10:02:07.660270110Z","releaseUser":{"email":"sheetalbc29@gmail.com","imageUrl":"https://lh3.googleusercontent.com/a/ALm5wu1nW-yMvr-dAHbj89nFJWZf1riCyHJGlyc5PRok=mo"}}
[debug] [2022-11-04T10:02:08.568Z] [hosting] release: {"name":"projects/532687750991/sites/new-project-57dc0/channels/live/releases/1667556127660270","version":{"name":"projects/532687750991/sites/new-project-57dc0/versions/66c9a4b0476dc7fc","status":"FINALIZED","config":{"rewrites":[{"glob":"**","path":"/index.html"}]},"labels":{"deployment-tool":"cli-firebase"},"createTime":"2022-11-04T10:01:56.178099Z","createUser":{"email":"sheetalbc29@gmail.com","imageUrl":"https://lh3.googleusercontent.com/a/ALm5wu1nW-yMvr-dAHbj89nFJWZf1riCyHJGlyc5PRok=mo"},"finalizeTime":"2022-11-04T10:02:07.131201Z","finalizeUser":{"email":"sheetalbc29@gmail.com","imageUrl":"https://lh3.googleusercontent.com/a/ALm5wu1nW-yMvr-dAHbj89nFJWZf1riCyHJGlyc5PRok=mo"}},"type":"DEPLOY","releaseTime":"2022-11-04T10:02:07.660270110Z","releaseUser":{"email":"sheetalbc29@gmail.com","imageUrl":"https://lh3.googleusercontent.com/a/ALm5wu1nW-yMvr-dAHbj89nFJWZf1riCyHJGlyc5PRok=mo"}}
[info] +  hosting[new-project-57dc0]: release complete 
[info] 
[info] +  Deploy complete! 
[info] 
[info] Project Console: https://console.firebase.google.com/project/new-project-57dc0/overview
[info] Hosting URL: https://new-project-57dc0.web.app
[debug] [2022-11-04T10:02:14.089Z] Error: Timed out.
    at Timeout._onTimeout (C:\Users\KRUTHIKA\AppData\Roaming\npm\node_modules\firebase-tools\lib\utils.js:253:49)
    at listOnTimeout (node:internal/timers:559:17)
    at processTimers (node:internal/timers:502:7)
[error] 
[error] Error: An unexpected error has occurred.
